{
  "RSpec": {
    "coverage": {
      "/Users/richieturing/Turing/job_hunt/notable_health/tech_challenge/notable-challenge/config/environment.rb": {
        "lines": [
          null,
          1,
          null,
          null,
          1
        ]
      },
      "/Users/richieturing/Turing/job_hunt/notable_health/tech_challenge/notable-challenge/config/application.rb": {
        "lines": [
          1,
          null,
          1,
          null,
          1,
          1,
          1,
          1,
          1,
          1,
          1,
          1,
          null,
          null,
          null,
          null,
          null,
          1,
          null,
          1,
          1,
          null,
          1,
          null,
          null,
          null,
          null,
          null,
          null,
          null,
          null,
          null,
          1,
          null,
          null
        ]
      },
      "/Users/richieturing/Turing/job_hunt/notable_health/tech_challenge/notable-challenge/config/boot.rb": {
        "lines": [
          1,
          null,
          1,
          1
        ]
      },
      "/Users/richieturing/Turing/job_hunt/notable_health/tech_challenge/notable-challenge/config/environments/test.rb": {
        "lines": [
          1,
          null,
          null,
          null,
          null,
          null,
          null,
          1,
          null,
          null,
          null,
          null,
          1,
          null,
          null,
          1,
          1,
          null,
          null,
          null,
          null,
          1,
          1,
          null,
          null,
          1,
          null,
          null,
          1,
          null,
          null,
          1,
          null,
          1,
          null,
          null,
          null,
          null,
          1,
          null,
          null,
          1,
          null,
          null,
          null,
          null
        ]
      },
      "/Users/richieturing/Turing/job_hunt/notable_health/tech_challenge/notable-challenge/config/initializers/application_controller_renderer.rb": {
        "lines": [
          null,
          null,
          null,
          null,
          null,
          null,
          null,
          null
        ]
      },
      "/Users/richieturing/Turing/job_hunt/notable_health/tech_challenge/notable-challenge/config/initializers/backtrace_silencers.rb": {
        "lines": [
          null,
          null,
          null,
          null,
          null,
          null,
          null
        ]
      },
      "/Users/richieturing/Turing/job_hunt/notable_health/tech_challenge/notable-challenge/config/initializers/cors.rb": {
        "lines": [
          null,
          null,
          null,
          null,
          null,
          null,
          null,
          null,
          null,
          null,
          null,
          null,
          null,
          null,
          null,
          null
        ]
      },
      "/Users/richieturing/Turing/job_hunt/notable_health/tech_challenge/notable-challenge/config/initializers/filter_parameter_logging.rb": {
        "lines": [
          null,
          null,
          null,
          1
        ]
      },
      "/Users/richieturing/Turing/job_hunt/notable_health/tech_challenge/notable-challenge/config/initializers/inflections.rb": {
        "lines": [
          null,
          null,
          null,
          null,
          null,
          null,
          null,
          null,
          null,
          null,
          null,
          null,
          null,
          null,
          null,
          null
        ]
      },
      "/Users/richieturing/Turing/job_hunt/notable_health/tech_challenge/notable-challenge/config/initializers/mime_types.rb": {
        "lines": [
          null,
          null,
          null,
          null
        ]
      },
      "/Users/richieturing/Turing/job_hunt/notable_health/tech_challenge/notable-challenge/config/initializers/wrap_parameters.rb": {
        "lines": [
          null,
          null,
          null,
          null,
          null,
          null,
          1,
          1,
          null,
          null,
          null,
          null,
          null,
          null
        ]
      },
      "/Users/richieturing/Turing/job_hunt/notable_health/tech_challenge/notable-challenge/config/routes.rb": {
        "lines": [
          1,
          null,
          null
        ]
      },
      "/Users/richieturing/Turing/job_hunt/notable_health/tech_challenge/notable-challenge/app/models/appointment.rb": {
        "lines": [
          1,
          1,
          1,
          null
        ]
      },
      "/Users/richieturing/Turing/job_hunt/notable_health/tech_challenge/notable-challenge/app/models/application_record.rb": {
        "lines": [
          1,
          1,
          null
        ]
      },
      "/Users/richieturing/Turing/job_hunt/notable_health/tech_challenge/notable-challenge/spec/models/doctor_spec.rb": {
        "lines": [
          1,
          null,
          1,
          null,
          1,
          2,
          2,
          null,
          null
        ]
      },
      "/Users/richieturing/Turing/job_hunt/notable_health/tech_challenge/notable-challenge/app/models/doctor.rb": {
        "lines": [
          1,
          1,
          1,
          null
        ]
      },
      "/Users/richieturing/Turing/job_hunt/notable_health/tech_challenge/notable-challenge/spec/models/patient_spec.rb": {
        "lines": [
          1,
          null,
          1,
          null,
          1,
          2,
          2,
          null,
          null
        ]
      },
      "/Users/richieturing/Turing/job_hunt/notable_health/tech_challenge/notable-challenge/app/models/patient.rb": {
        "lines": [
          1,
          1,
          1,
          null
        ]
      }
    },
    "timestamp": 1664762143
  }
}
